#
# There is insufficient memory for the Java Runtime Environment to continue.
# Native memory allocation (mmap) failed to map 87031808 bytes for committing reserved memory.
# Possible reasons:
#   The system is out of physical RAM or swap space
#   In 32 bit mode, the process size limit was hit
# Possible solutions:
#   Reduce memory load on the system
#   Increase physical memory or swap space
#   Check if swap backing store is full
#   Use 64 bit Java on a 64 bit OS
#   Decrease Java heap size (-Xmx/-Xms)
#   Decrease number of Java threads
#   Decrease Java thread stack sizes (-Xss)
#   Set larger code cache with -XX:ReservedCodeCacheSize=
# This output file may be truncated or incomplete.
#
#  Out of Memory Error (os_linux.cpp:2640), pid=18593, tid=0x00007f0ead3c9700
#
# JRE version:  (8.0_152-b01) (build )
# Java VM: OpenJDK 64-Bit Server VM (25.152-b01 mixed mode linux-amd64 compressed oops)
# Failed to write core dump. Core dumps have been disabled. To enable core dumping, try "ulimit -c unlimited" before starting Java again
#

---------------  T H R E A D  ---------------

Current thread (0x00007f0ea4016000):  JavaThread "Unknown thread" [_thread_in_vm, id=18597, stack(0x00007f0ead2c9000,0x00007f0ead3ca000)]

Stack: [0x00007f0ead2c9000,0x00007f0ead3ca000],  sp=0x00007f0ead3c8620,  free space=1021k
Native frames: (J=compiled Java code, j=interpreted, Vv=VM code, C=native code)
V  [libjvm.so+0x9ed02d]  VMError::report_and_die()+0x15d
V  [libjvm.so+0x4b99fa]  report_vm_out_of_memory(char const*, int, unsigned long, VMErrorType, char const*)+0x8a
V  [libjvm.so+0x852c20]  os::pd_commit_memory(char*, unsigned long, unsigned long, bool)+0xf0
V  [libjvm.so+0x84d72f]  os::commit_memory(char*, unsigned long, unsigned long, bool)+0x1f
V  [libjvm.so+0x8c448b]  PSVirtualSpace::expand_by(unsigned long)+0x5b
V  [libjvm.so+0x8b6408]  PSOldGen::initialize(ReservedSpace, unsigned long, char const*, int)+0xa8
V  [libjvm.so+0x2c4b13]  AdjoiningGenerations::AdjoiningGenerations(ReservedSpace, GenerationSizer*, unsigned long)+0x353
V  [libjvm.so+0x876d61]  ParallelScavengeHeap::initialize()+0x211
V  [libjvm.so+0x9b8539]  Universe::initialize_heap()+0x189
V  [libjvm.so+0x9b8733]  universe_init()+0x33
V  [libjvm.so+0x5e1dd5]  init_globals()+0x55
V  [libjvm.so+0x99bb53]  Threads::create_vm(JavaVMInitArgs*, bool*)+0x2b3
V  [libjvm.so+0x64fd72]  JNI_CreateJavaVM+0x52
C  [libjli.so+0x77c8]  JavaMain+0x88
C  [libpthread.so.0+0x76ba]  start_thread+0xca


---------------  P R O C E S S  ---------------

Java Threads: ( => current thread )

Other Threads:

=>0x00007f0ea4016000 (exited) JavaThread "Unknown thread" [_thread_in_vm, id=18597, stack(0x00007f0ead2c9000,0x00007f0ead3ca000)]

VM state:not at safepoint (not fully initialized)

VM Mutex/Monitor currently owned by a thread: None

GC Heap History (0 events):
No events

Deoptimization events (0 events):
No events

Classes redefined (0 events):
No events

Internal exceptions (0 events):
No events

Events (0 events):
No events


Dynamic libraries:
00400000-00401000 r-xp 00000000 08:03 3672549                            /home/iuliia/Documents/aps/android-studio/jre/bin/java
00600000-00601000 r--p 00000000 08:03 3672549                            /home/iuliia/Documents/aps/android-studio/jre/bin/java
00601000-00602000 rw-p 00001000 08:03 3672549                            /home/iuliia/Documents/aps/android-studio/jre/bin/java
02355000-02376000 rw-p 00000000 00:00 0                                  [heap]
89d00000-d6e00000 ---p 00000000 00:00 0 
d6e00000-d9700000 rw-p 00000000 00:00 0 
d9700000-100000000 ---p 00000000 00:00 0 
7f0e95000000-7f0e95270000 rwxp 00000000 00:00 0 
7f0e95270000-7f0ea4000000 ---p 00000000 00:00 0 
7f0ea4000000-7f0ea4041000 rw-p 00000000 00:00 0 
7f0ea4041000-7f0ea8000000 ---p 00000000 00:00 0 
7f0ea9af8000-7f0ea9d70000 rw-p 00000000 00:00 0 
7f0ea9d70000-7f0eaa002000 ---p 00000000 00:00 0 
7f0eaa002000-7f0eaa017000 rw-p 00000000 00:00 0 
7f0eaa017000-7f0eaa14b000 ---p 00000000 00:00 0 
7f0eaa14b000-7f0eaa156000 rw-p 00000000 00:00 0 
7f0eaa156000-7f0eaa50c000 ---p 00000000 00:00 0 
7f0eaa50c000-7f0eaa526000 r-xp 00000000 08:03 3805087                    /home/iuliia/Documents/aps/android-studio/jre/jre/lib/amd64/libzip.so
7f0eaa526000-7f0eaa726000 ---p 0001a000 08:03 3805087                    /home/iuliia/Documents/aps/android-studio/jre/jre/lib/amd64/libzip.so
7f0eaa726000-7f0eaa727000 r--p 0001a000 08:03 3805087                    /home/iuliia/Documents/aps/android-studio/jre/jre/lib/amd64/libzip.so
7f0eaa727000-7f0eaa728000 rw-p 0001b000 08:03 3805087                    /home/iuliia/Documents/aps/android-studio/jre/jre/lib/amd64/libzip.so
7f0eaa728000-7f0eaa733000 r-xp 00000000 08:03 5514318                    /lib/x86_64-linux-gnu/libnss_files-2.23.so
7f0eaa733000-7f0eaa932000 ---p 0000b000 08:03 5514318                    /lib/x86_64-linux-gnu/libnss_files-2.23.so
7f0eaa932000-7f0eaa933000 r--p 0000a000 08:03 5514318                    /lib/x86_64-linux-gnu/libnss_files-2.23.so
7f0eaa933000-7f0eaa934000 rw-p 0000b000 08:03 5514318                    /lib/x86_64-linux-gnu/libnss_files-2.23.so
7f0eaa934000-7f0eaa93a000 rw-p 00000000 00:00 0 
7f0eaa93a000-7f0eaa945000 r-xp 00000000 08:03 5514322                    /lib/x86_64-linux-gnu/libnss_nis-2.23.so
7f0eaa945000-7f0eaab44000 ---p 0000b000 08:03 5514322                    /lib/x86_64-linux-gnu/libnss_nis-2.23.so
7f0eaab44000-7f0eaab45000 r--p 0000a000 08:03 5514322                    /lib/x86_64-linux-gnu/libnss_nis-2.23.so
7f0eaab45000-7f0eaab46000 rw-p 0000b000 08:03 5514322                    /lib/x86_64-linux-gnu/libnss_nis-2.23.so
7f0eaab46000-7f0eaab5c000 r-xp 00000000 08:03 5514302                    /lib/x86_64-linux-gnu/libnsl-2.23.so
7f0eaab5c000-7f0eaad5b000 ---p 00016000 08:03 5514302                    /lib/x86_64-linux-gnu/libnsl-2.23.so
7f0eaad5b000-7f0eaad5c000 r--p 00015000 08:03 5514302                    /lib/x86_64-linux-gnu/libnsl-2.23.so
7f0eaad5c000-7f0eaad5d000 rw-p 00016000 08:03 5514302                    /lib/x86_64-linux-gnu/libnsl-2.23.so
7f0eaad5d000-7f0eaad5f000 rw-p 00000000 00:00 0 
7f0eaad5f000-7f0eaad67000 r-xp 00000000 08:03 5514313                    /lib/x86_64-linux-gnu/libnss_compat-2.23.so
7f0eaad67000-7f0eaaf66000 ---p 00008000 08:03 5514313                    /lib/x86_64-linux-gnu/libnss_compat-2.23.so
7f0eaaf66000-7f0eaaf67000 r--p 00007000 08:03 5514313                    /lib/x86_64-linux-gnu/libnss_compat-2.23.so
7f0eaaf67000-7f0eaaf68000 rw-p 00008000 08:03 5514313                    /lib/x86_64-linux-gnu/libnss_compat-2.23.so
7f0eaaf68000-7f0eaaf95000 r-xp 00000000 08:03 3805084                    /home/iuliia/Documents/aps/android-studio/jre/jre/lib/amd64/libjava.so
7f0eaaf95000-7f0eab194000 ---p 0002d000 08:03 3805084                    /home/iuliia/Documents/aps/android-studio/jre/jre/lib/amd64/libjava.so
7f0eab194000-7f0eab195000 r--p 0002c000 08:03 3805084                    /home/iuliia/Documents/aps/android-studio/jre/jre/lib/amd64/libjava.so
7f0eab195000-7f0eab197000 rw-p 0002d000 08:03 3805084                    /home/iuliia/Documents/aps/android-studio/jre/jre/lib/amd64/libjava.so
7f0eab197000-7f0eab1a7000 r-xp 00000000 08:03 3805110                    /home/iuliia/Documents/aps/android-studio/jre/jre/lib/amd64/libverify.so
7f0eab1a7000-7f0eab3a6000 ---p 00010000 08:03 3805110                    /home/iuliia/Documents/aps/android-studio/jre/jre/lib/amd64/libverify.so
7f0eab3a6000-7f0eab3a8000 r--p 0000f000 08:03 3805110                    /home/iuliia/Documents/aps/android-studio/jre/jre/lib/amd64/libverify.so
7f0eab3a8000-7f0eab3a9000 rw-p 00011000 08:03 3805110                    /home/iuliia/Documents/aps/android-studio/jre/jre/lib/amd64/libverify.so
7f0eab3a9000-7f0eab3b0000 r-xp 00000000 08:03 5514323                    /lib/x86_64-linux-gnu/librt-2.23.so
7f0eab3b0000-7f0eab5af000 ---p 00007000 08:03 5514323                    /lib/x86_64-linux-gnu/librt-2.23.so
7f0eab5af000-7f0eab5b0000 r--p 00006000 08:03 5514323                    /lib/x86_64-linux-gnu/librt-2.23.so
7f0eab5b0000-7f0eab5b1000 rw-p 00007000 08:03 5514323                    /lib/x86_64-linux-gnu/librt-2.23.so
7f0eab5b1000-7f0eab6b9000 r-xp 00000000 08:03 5514301                    /lib/x86_64-linux-gnu/libm-2.23.so
7f0eab6b9000-7f0eab8b8000 ---p 00108000 08:03 5514301                    /lib/x86_64-linux-gnu/libm-2.23.so
7f0eab8b8000-7f0eab8b9000 r--p 00107000 08:03 5514301                    /lib/x86_64-linux-gnu/libm-2.23.so
7f0eab8b9000-7f0eab8ba000 rw-p 00108000 08:03 5514301                    /lib/x86_64-linux-gnu/libm-2.23.so
7f0eab8ba000-7f0eac4b6000 r-xp 00000000 08:03 3805113                    /home/iuliia/Documents/aps/android-studio/jre/jre/lib/amd64/server/libjvm.so
7f0eac4b6000-7f0eac6b6000 ---p 00bfc000 08:03 3805113                    /home/iuliia/Documents/aps/android-studio/jre/jre/lib/amd64/server/libjvm.so
7f0eac6b6000-7f0eac756000 r--p 00bfc000 08:03 3805113                    /home/iuliia/Documents/aps/android-studio/jre/jre/lib/amd64/server/libjvm.so
7f0eac756000-7f0eac77f000 rw-p 00c9c000 08:03 3805113                    /home/iuliia/Documents/aps/android-studio/jre/jre/lib/amd64/server/libjvm.so
7f0eac77f000-7f0eac7c3000 rw-p 00000000 00:00 0 
7f0eac7c3000-7f0eac7db000 r-xp 00000000 08:03 5514304                    /lib/x86_64-linux-gnu/libpthread-2.23.so
7f0eac7db000-7f0eac9da000 ---p 00018000 08:03 5514304                    /lib/x86_64-linux-gnu/libpthread-2.23.so
7f0eac9da000-7f0eac9db000 r--p 00017000 08:03 5514304                    /lib/x86_64-linux-gnu/libpthread-2.23.so
7f0eac9db000-7f0eac9dc000 rw-p 00018000 08:03 5514304                    /lib/x86_64-linux-gnu/libpthread-2.23.so
7f0eac9dc000-7f0eac9e0000 rw-p 00000000 00:00 0 
7f0eac9e0000-7f0eac9e3000 r-xp 00000000 08:03 5514307                    /lib/x86_64-linux-gnu/libdl-2.23.so
7f0eac9e3000-7f0eacbe2000 ---p 00003000 08:03 5514307                    /lib/x86_64-linux-gnu/libdl-2.23.so
7f0eacbe2000-7f0eacbe3000 r--p 00002000 08:03 5514307                    /lib/x86_64-linux-gnu/libdl-2.23.so
7f0eacbe3000-7f0eacbe4000 rw-p 00003000 08:03 5514307                    /lib/x86_64-linux-gnu/libdl-2.23.so
7f0eacbe4000-7f0eacda4000 r-xp 00000000 08:03 5514305                    /lib/x86_64-linux-gnu/libc-2.23.so
7f0eacda4000-7f0eacfa4000 ---p 001c0000 08:03 5514305                    /lib/x86_64-linux-gnu/libc-2.23.so
7f0eacfa4000-7f0eacfa8000 r--p 001c0000 08:03 5514305                    /lib/x86_64-linux-gnu/libc-2.23.so
7f0eacfa8000-7f0eacfaa000 rw-p 001c4000 08:03 5514305                    /lib/x86_64-linux-gnu/libc-2.23.so
7f0eacfaa000-7f0eacfae000 rw-p 00000000 00:00 0 
7f0eacfae000-7f0eacfc4000 r-xp 00000000 08:03 3672582                    /home/iuliia/Documents/aps/android-studio/jre/lib/amd64/jli/libjli.so
7f0eacfc4000-7f0ead1c3000 ---p 00016000 08:03 3672582                    /home/iuliia/Documents/aps/android-studio/jre/lib/amd64/jli/libjli.so
7f0ead1c3000-7f0ead1c4000 r--p 00015000 08:03 3672582                    /home/iuliia/Documents/aps/android-studio/jre/lib/amd64/jli/libjli.so
7f0ead1c4000-7f0ead1c5000 rw-p 00016000 08:03 3672582                    /home/iuliia/Documents/aps/android-studio/jre/lib/amd64/jli/libjli.so
7f0ead1c5000-7f0ead1eb000 r-xp 00000000 08:03 5514303                    /lib/x86_64-linux-gnu/ld-2.23.so
7f0ead2c9000-7f0ead2cc000 ---p 00000000 00:00 0 
7f0ead2cc000-7f0ead3ce000 rw-p 00000000 00:00 0 
7f0ead3df000-7f0ead3e7000 rw-s 00000000 08:03 1724244                    /tmp/hsperfdata_iuliia/18593
7f0ead3e7000-7f0ead3e8000 rw-p 00000000 00:00 0 
7f0ead3e8000-7f0ead3e9000 r--p 00000000 00:00 0 
7f0ead3e9000-7f0ead3ea000 rw-p 00000000 00:00 0 
7f0ead3ea000-7f0ead3eb000 r--p 00025000 08:03 5514303                    /lib/x86_64-linux-gnu/ld-2.23.so
7f0ead3eb000-7f0ead3ec000 rw-p 00026000 08:03 5514303                    /lib/x86_64-linux-gnu/ld-2.23.so
7f0ead3ec000-7f0ead3ed000 rw-p 00000000 00:00 0 
7ffc48b5e000-7ffc48b83000 rw-p 00000000 00:00 0                          [stack]
7ffc48b97000-7ffc48b99000 r--p 00000000 00:00 0                          [vvar]
7ffc48b99000-7ffc48b9b000 r-xp 00000000 00:00 0                          [vdso]
ffffffffff600000-ffffffffff601000 r-xp 00000000 00:00 0                  [vsyscall]

VM Arguments:
jvm_args: -Dretrolambda.bytecodeVersion=50 -Dretrolambda.classpath=/home/iuliia/.gradle/caches/transforms-1/files-1.1/android-image-cropper-2.5.1.aar/acbc697c48dba715f29a9b92d033b0a7/jars/classes.jar:/home/iuliia/.gradle/caches/transforms-1/files-1.1/dagger-android-support-2.13.aar/d4205f5a16f9265f33f5f953c30cc3a5/jars/classes.jar:/home/iuliia/.gradle/caches/transforms-1/files-1.1/rxlifecycle-components-2.1.0.aar/cf613ba99354a527c100a88a858104f9/jars/classes.jar:/home/iuliia/.gradle/caches/transforms-1/files-1.1/facebook-android-sdk-4.28.0.aar/95f1c4f129542581be3d15c99939883c/jars/classes.jar:/home/iuliia/.gradle/caches/transforms-1/files-1.1/facebook-login-4.28.0.aar/553e159bfac6ab089e2af275a382c9d5/jars/classes.jar:/home/iuliia/.gradle/caches/transforms-1/files-1.1/facebook-share-4.28.0.aar/a9dfb4ed0b0457f161795df15ccc79bc/jars/classes.jar:/home/iuliia/.gradle/caches/transforms-1/files-1.1/facebook-common-4.28.0.aar/b2d1eb1f166a232a5b0caef65bcbd13a/jars/classes.jar:/home/iuliia/.gradle/caches/transforms-1/files-1.1/firebase-ui-auth-3.2.2.aar/e223039982cdeef98912ca613a48d673/jars/classes.jar:/home/iuliia/.gradle/caches/transforms-1/files-1.1/design-27.1.0.aar/241ed4993c0b281f6e091c72db4f67e4/jars/classes.jar:/home/iuliia/.gradle/caches/transforms-1/files-1.1/customtabs-27.1.0.aar/466f22532f88f438ae23bd6dab26761c/jars/classes.jar:/home/iuliia/.gradle/caches/transforms-1/files-1.1/appcompat-v7-27.1.0.aar/ffbb7c872db217a479afa26aa1cbc2aa/jars/classes.jar:/home/iuliia/.gradle/caches/transforms-1/files-1.1/palette-v7-27.1.0.aar/d494a032cfca8bfb70d67ef25f85629a/jars/classes.jar:/home/iuliia/.gradle/caches/transforms-1/files-1.1/support-v13-27.1.0.aar/575cadaef1389890d98b4af6c9e7c31d/jars/classes.jar:/home/iuliia/.gradle/caches/transforms-1/files-1.1/cardview-v7-27.1.0.aar/e9c4343c92b5f2a28f83ab38f74c2662/jars/classes.jar:/home/iuliia/.gradle/caches/transforms-1/files-1.1/viewmover-1.1.2.aar/599c7a5ac405c870684d2756b21b14b6/jars/classes.jar:/home/iuliia/.gradle/caches/transforms-1/files-1.1/billing-1.0.aar/50c4d4-Dretrolambda.classpathFile=/tmp/inc-277802305774440249.path -Dretrolambda.inputDir=/home/iuliia/Documents/projects/android_projects/OCRme/app/build/intermediates/classes/debug -Dretrolambda.outputDir=/home/iuliia/Documents/projects/android_projects/OCRme/app/build/intermediates/transforms/retrolambda/debug/0 -Dfile.encoding=UTF-8 -Duser.country=US -Duser.language=en -Duser.variant 
java_command: net.orfjackal.retrolambda.Main
java_class_path (initial): /home/iuliia/.gradle/caches/modules-2/files-2.1/net.orfjackal.retrolambda/retrolambda/2.5.1/3db6629d3ba0168c580af3be44fe54014dfb105/retrolambda-2.5.1.jar
Launcher Type: SUN_STANDARD

Environment Variables:
PATH=/home/iuliia/bin:/home/iuliia/.local/bin:/usr/local/sbin:/usr/local/bin:/usr/sbin:/usr/bin:/sbin:/bin:/usr/games:/usr/local/games
SHELL=/bin/bash
DISPLAY=:0

Signal Handlers:
SIGSEGV: [libjvm.so+0x9edb30], sa_mask[0]=11111111011111111101111111111110, sa_flags=SA_RESTART|SA_SIGINFO
SIGBUS: [libjvm.so+0x9edb30], sa_mask[0]=11111111011111111101111111111110, sa_flags=SA_RESTART|SA_SIGINFO
SIGFPE: [libjvm.so+0x84e800], sa_mask[0]=11111111011111111101111111111110, sa_flags=SA_RESTART|SA_SIGINFO
SIGPIPE: [libjvm.so+0x84e800], sa_mask[0]=11111111011111111101111111111110, sa_flags=SA_RESTART|SA_SIGINFO
SIGXFSZ: [libjvm.so+0x84e800], sa_mask[0]=11111111011111111101111111111110, sa_flags=SA_RESTART|SA_SIGINFO
SIGILL: [libjvm.so+0x84e800], sa_mask[0]=11111111011111111101111111111110, sa_flags=SA_RESTART|SA_SIGINFO
SIGUSR1: SIG_DFL, sa_mask[0]=00000000000000000000000000000000, sa_flags=none
SIGUSR2: [libjvm.so+0x84e6d0], sa_mask[0]=00100000000000000000000000000000, sa_flags=SA_RESTART|SA_SIGINFO
SIGHUP: SIG_DFL, sa_mask[0]=00000000000000000000000000000000, sa_flags=none
SIGINT: SIG_DFL, sa_mask[0]=00000000000000000000000000000000, sa_flags=none
SIGTERM: SIG_DFL, sa_mask[0]=00000000000000000000000000000000, sa_flags=none
SIGQUIT: SIG_DFL, sa_mask[0]=00000000000000000000000000000000, sa_flags=none


---------------  S Y S T E M  ---------------

OS:DISTRIB_ID=LinuxMint
DISTRIB_RELEASE=18.3
DISTRIB_CODENAME=sylvia
DISTRIB_DESCRIPTION="Linux Mint 18.3 Sylvia"

uname:Linux 4.10.0-38-generic #42~16.04.1-Ubuntu SMP Tue Oct 10 16:32:20 UTC 2017 x86_64
libc:glibc 2.23 NPTL 2.23 
rlimit: STACK 8192k, CORE 0k, NPROC 31389, NOFILE 1048576, AS infinity
load average:3.50 3.79 3.48

/proc/meminfo:
MemTotal:        8082784 kB
MemFree:          125884 kB
MemAvailable:      33712 kB
Buffers:           11660 kB
Cached:           781836 kB
SwapCached:         1152 kB
Active:          6793624 kB
Inactive:         868284 kB
Active(anon):    6773564 kB
Inactive(anon):   845972 kB
Active(file):      20060 kB
Inactive(file):    22312 kB
Unevictable:         288 kB
Mlocked:             288 kB
SwapTotal:       1951740 kB
SwapFree:              0 kB
Dirty:               272 kB
Writeback:             0 kB
AnonPages:       6868140 kB
Mapped:            33868 kB
Shmem:            750736 kB
Slab:             104036 kB
SReclaimable:      50268 kB
SUnreclaim:        53768 kB
KernelStack:       14064 kB
PageTables:        70900 kB
NFS_Unstable:          0 kB
Bounce:                0 kB
WritebackTmp:          0 kB
CommitLimit:     5993132 kB
Committed_AS:   15209292 kB
VmallocTotal:   34359738367 kB
VmallocUsed:           0 kB
VmallocChunk:          0 kB
HardwareCorrupted:     0 kB
AnonHugePages:   1040384 kB
ShmemHugePages:        0 kB
ShmemPmdMapped:        0 kB
CmaTotal:              0 kB
CmaFree:               0 kB
HugePages_Total:       0
HugePages_Free:        0
HugePages_Rsvd:        0
HugePages_Surp:        0
Hugepagesize:       2048 kB
DirectMap4k:      224900 kB
DirectMap2M:     8073216 kB
DirectMap1G:     1048576 kB


CPU:total 4 (initial active 4) (2 cores per cpu, 2 threads per core) family 6 model 61 stepping 4, cmov, cx8, fxsr, mmx, sse, sse2, sse3, ssse3, sse4.1, sse4.2, popcnt, avx, avx2, aes, clmul, erms, 3dnowpref, lzcnt, ht, tsc, tscinvbit, bmi1, bmi2, adx

/proc/cpuinfo:
processor	: 0
vendor_id	: GenuineIntel
cpu family	: 6
model		: 61
model name	: Intel(R) Core(TM) i5-5200U CPU @ 2.20GHz
stepping	: 4
microcode	: 0x1f
cpu MHz		: 2499.975
cache size	: 3072 KB
physical id	: 0
siblings	: 4
core id		: 0
cpu cores	: 2
apicid		: 0
initial apicid	: 0
fpu		: yes
fpu_exception	: yes
cpuid level	: 20
wp		: yes
flags		: fpu vme de pse tsc msr pae mce cx8 apic sep mtrr pge mca cmov pat pse36 clflush dts acpi mmx fxsr sse sse2 ss ht tm pbe syscall nx pdpe1gb rdtscp lm constant_tsc arch_perfmon pebs bts rep_good nopl xtopology nonstop_tsc aperfmperf pni pclmulqdq dtes64 monitor ds_cpl vmx est tm2 ssse3 sdbg fma cx16 xtpr pdcm pcid sse4_1 sse4_2 x2apic movbe popcnt tsc_deadline_timer aes xsave avx f16c rdrand lahf_lm abm 3dnowprefetch epb intel_pt tpr_shadow vnmi flexpriority ept vpid fsgsbase tsc_adjust bmi1 avx2 smep bmi2 erms invpcid rdseed adx smap xsaveopt dtherm ida arat pln pts
bugs		:
bogomips	: 4389.95
clflush size	: 64
cache_alignment	: 64
address sizes	: 39 bits physical, 48 bits virtual
power management:

processor	: 1
vendor_id	: GenuineIntel
cpu family	: 6
model		: 61
model name	: Intel(R) Core(TM) i5-5200U CPU @ 2.20GHz
stepping	: 4
microcode	: 0x1f
cpu MHz		: 2499.975
cache size	: 3072 KB
physical id	: 0
siblings	: 4
core id		: 1
cpu cores	: 2
apicid		: 2
initial apicid	: 2
fpu		: yes
fpu_exception	: yes
cpuid level	: 20
wp		: yes
flags		: fpu vme de pse tsc msr pae mce cx8 apic sep mtrr pge mca cmov pat pse36 clflush dts acpi mmx fxsr sse sse2 ss ht tm pbe syscall nx pdpe1gb rdtscp lm constant_tsc arch_perfmon pebs bts rep_good nopl xtopology nonstop_tsc aperfmperf pni pclmulqdq dtes64 monitor ds_cpl vmx est tm2 ssse3 sdbg fma cx16 xtpr pdcm pcid sse4_1 sse4_2 x2apic movbe popcnt tsc_deadline_timer aes xsave avx f16c rdrand lahf_lm abm 3dnowprefetch epb intel_pt tpr_shadow vnmi flexpriority ept vpid fsgsbase tsc_adjust bmi1 avx2 smep bmi2 erms invpcid rdseed adx smap xsaveopt dtherm ida arat pln pts
bugs		:
bogomips	: 4389.95
clflush size	: 64
cache_alignment	: 64
address sizes	: 39 bits physical, 48 bits virtual
power management:

processor	: 2
vendor_id	: GenuineIntel
cpu family	: 6
model		: 61
model name	: Intel(R) Core(TM) i5-5200U CPU @ 2.20GHz
stepping	: 4
microcode	: 0x1f
cpu MHz		: 2499.975
cache size	: 3072 KB
physical id	: 0
siblings	: 4
core id		: 0
cpu cores	: 2
apicid		: 1
initial apicid	: 1
fpu		: yes
fpu_exception	: yes
cpuid level	: 20
wp		: yes
flags		: fpu vme de pse tsc msr pae mce cx8 apic sep mtrr pge mca cmov pat pse36 clflush dts acpi mmx fxsr sse sse2 ss ht tm pbe syscall nx pdpe1gb rdtscp lm constant_tsc arch_perfmon pebs bts rep_good nopl xtopology nonstop_tsc aperfmperf pni pclmulqdq dtes64 monitor ds_cpl vmx est tm2 ssse3 sdbg fma cx16 xtpr pdcm pcid sse4_1 sse4_2 x2apic movbe popcnt tsc_deadline_timer aes xsave avx f16c rdrand lahf_lm abm 3dnowprefetch epb intel_pt tpr_shadow vnmi flexpriority ept vpid fsgsbase tsc_adjust bmi1 avx2 smep bmi2 erms invpcid rdseed adx smap xsaveopt dtherm ida arat pln pts
bugs		:
bogomips	: 4389.95
clflush size	: 64
cache_alignment	: 64
address sizes	: 39 bits physical, 48 bits virtual
power management:

processor	: 3
vendor_id	: GenuineIntel
cpu family	: 6
model		: 61
model name	: Intel(R) Core(TM) i5-5200U CPU @ 2.20GHz
stepping	: 4
microcode	: 0x1f
cpu MHz		: 2499.975
cache size	: 3072 KB
physical id	: 0
siblings	: 4
core id		: 1
cpu cores	: 2
apicid		: 3
initial apicid	: 3
fpu		: yes
fpu_exception	: yes
cpuid level	: 20
wp		: yes
flags		: fpu vme de pse tsc msr pae mce cx8 apic sep mtrr pge mca cmov pat pse36 clflush dts acpi mmx fxsr sse sse2 ss ht tm pbe syscall nx pdpe1gb rdtscp lm constant_tsc arch_perfmon pebs bts rep_good nopl xtopology nonstop_tsc aperfmperf pni pclmulqdq dtes64 monitor ds_cpl vmx est tm2 ssse3 sdbg fma cx16 xtpr pdcm pcid sse4_1 sse4_2 x2apic movbe popcnt tsc_deadline_timer aes xsave avx f16c rdrand lahf_lm abm 3dnowprefetch epb intel_pt tpr_shadow vnmi flexpriority ept vpid fsgsbase tsc_adjust bmi1 avx2 smep bmi2 erms invpcid rdseed adx smap xsaveopt dtherm ida arat pln pts
bugs		:
bogomips	: 4389.95
clflush size	: 64
cache_alignment	: 64
address sizes	: 39 bits physical, 48 bits virtual
power management:



Memory: 4k page, physical 8082784k(125636k free), swap 1951740k(0k free)

vm_info: OpenJDK 64-Bit Server VM (25.152-b01) for linux-amd64 JRE (1.8.0_152-release-1024-b01), built by "builder" with gcc 4.8.4

time: Tue Apr 17 12:42:44 2018
elapsed time: 0 seconds (0d 0h 0m 0s)

